Command line:
   pwm_generator_isim_beh.exe
     -simmode  gui
     -simrunnum  0
     -socket  1291

Fri Nov 21 10:45:51 2014


 Elaboration Time: 0.171601 sec

 Current Memory Usage: 682.25 Meg

 Total Signals          : 7
 Total Nets             : 109
 Total Signal Drivers   : 4
 Total Blocks           : 5
 Total Primitive Blocks : 5
 Total Processes        : 1
 Total Traceable Variables  : 14
 Total Scalar Nets and Variables : 491
Total Line Count : 12

 Total Simulation Time: 0.171601 sec

 Current Memory Usage: 682.25 Meg

Fri Nov 21 10:45:59 2014

