#-----------------------------------------------------------
# Vivado v2014.4 (64-bit)
# SW Build 1071353 on Tue Nov 18 16:47:07 MST 2014
# IP Build 1070531 on Tue Nov 18 01:10:18 MST 2014
# Start of session at: Sun Apr 12 16:14:59 2015
# Process ID: 3612
# Log file: /home/phhorrei/perso/fablab/zybo_globe/source/vivado.log
# Journal file: /home/phhorrei/perso/fablab/zybo_globe/source/vivado.jou
#-----------------------------------------------------------
start_gui
open_project /home/phhorrei/perso/fablab/zybo_globe/source/vivado/hw/zybo_bsd/zybo_bsd.xpr
CRITICAL WARNING: [Project 1-19] Could not find the file '/home/phhorrei/perso/fablab/zybo_globe/source/vivado/hw/zybo_bsd/zybo_bsd.srcs/sources_1/bd/system/ip/system_SWs_4Bits_2/system_SWs_4Bits_2.upgrade_log'.
CRITICAL WARNING: [Project 1-19] Could not find the file '/home/phhorrei/perso/fablab/zybo_globe/source/vivado/hw/zybo_bsd/zybo_bsd.srcs/sources_1/bd/system/ip/system_BTNs_4Bits_0/system_BTNs_4Bits_0.upgrade_log'.
CRITICAL WARNING: [Project 1-19] Could not find the file '/home/phhorrei/perso/fablab/zybo_globe/source/vivado/hw/zybo_bsd/zybo_bsd.srcs/sources_1/bd/system/ip/system_LEDs_4Bits_1/system_LEDs_4Bits_1.upgrade_log'.
CRITICAL WARNING: [Project 1-19] Could not find the file '/home/phhorrei/perso/fablab/zybo_globe/source/vivado/hw/zybo_bsd/zybo_bsd.srcs/sources_1/bd/system/ip/system_axi_vdma_0_0/system_axi_vdma_0_0.upgrade_log'.
CRITICAL WARNING: [Project 1-19] Could not find the file '/home/phhorrei/perso/fablab/zybo_globe/source/vivado/hw/zybo_bsd/zybo_bsd.srcs/sources_1/bd/system/ip/system_axi_vdma_1_1/system_axi_vdma_1_1.upgrade_log'.
CRITICAL WARNING: [Project 1-19] Could not find the file '/home/phhorrei/perso/fablab/zybo_globe/source/vivado/hw/zybo_bsd/zybo_bsd.srcs/sources_1/bd/system/ip/system_vdd_1/system_vdd_1.upgrade_log'.
CRITICAL WARNING: [Project 1-19] Could not find the file '/home/phhorrei/perso/fablab/zybo_globe/source/vivado/hw/zybo_bsd/zybo_bsd.srcs/sources_1/bd/system/ip/system_xlconstant_0_2/system_xlconstant_0_2.upgrade_log'.
CRITICAL WARNING: [Project 1-19] Could not find the file '/home/phhorrei/perso/fablab/zybo_globe/source/vivado/hw/zybo_bsd/zybo_bsd.srcs/sources_1/bd/system/ip/system_globe_0_0/system_globe_0_0.upgrade_log'.
Scanning sources...
Finished scanning sources
INFO: [IP_Flow 19-234] Refreshing IP repositories
INFO: [IP_Flow 19-1700] Loaded user IP repository '/home/phhorrei/perso/fablab/zybo_globe/source/vivado/hw/ip_repo/globe_2.0'.
INFO: [IP_Flow 19-1700] Loaded user IP repository '/home/phhorrei/perso/fablab/zybo_globe/source/vivado/hw/lib'.
WARNING: [IP_Flow 19-2207] Repository '/home/phhorrei/perso/fablab/zybo_globe/source/vivado/hw/ip_repo/globe_2.0' already exists; ignoring attempt to add it again.
INFO: [IP_Flow 19-1700] Loaded user IP repository '/home/phhorrei/perso/fablab/zybo_globe/source/vivado/hw/ip_repo/globe_2.0'.
INFO: [IP_Flow 19-2313] Loaded Vivado IP repository '/opt/Xilinx/Vivado/2014.4/data/ip'.
open_project: Time (s): cpu = 00:00:36 ; elapsed = 00:00:18 . Memory (MB): peak = 5796.277 ; gain = 143.297 ; free physical = 6391 ; free virtual = 22414
ipx::edit_ip_in_project -upgrade true -name globe_v2_0_v2_0_project -directory /home/phhorrei/perso/fablab/zybo_globe/source/vivado/hw/ip_repo/globe_2.0/globe_v2_0_v2_0_project /home/phhorrei/perso/fablab/zybo_globe/source/vivado/hw/ip_repo/globe_2.0/component.xml
INFO: [IP_Flow 19-234] Refreshing IP repositories
INFO: [IP_Flow 19-1704] No user IP repositories specified
INFO: [IP_Flow 19-2313] Loaded Vivado IP repository '/opt/Xilinx/Vivado/2014.4/data/ip'.
INFO: [IP_Flow 19-234] Refreshing IP repositories
INFO: [IP_Flow 19-1700] Loaded user IP repository '/home/phhorrei/perso/fablab/zybo_globe/source/vivado/hw/ip_repo/globe_2.0'.
WARNING: [IP_Flow 19-3656] If you move the project, the path for repository '/home/phhorrei/perso/fablab/zybo_globe/source/vivado/hw/ip_repo/globe_2.0' may become invalid. A better location for the repostory would be in a path adjacent to the project. (Current project location is '/home/phhorrei/perso/fablab/zybo_globe/source/vivado/hw/ip_repo/globe_2.0/globe_v2_0_v2_0_project'.)
INFO: [IP_Flow 19-1700] Loaded user IP repository '/home/phhorrei/perso/fablab/zybo_globe/source/vivado/hw/lib'.
WARNING: [IP_Flow 19-2207] Repository '/home/phhorrei/perso/fablab/zybo_globe/source/vivado/hw/ip_repo/globe_2.0' already exists; ignoring attempt to add it again.
INFO: [IP_Flow 19-1700] Loaded user IP repository '/home/phhorrei/perso/fablab/zybo_globe/source/vivado/hw/ip_repo/globe_2.0'.
WARNING: [IP_Flow 19-3656] If you move the project, the path for repository '/home/phhorrei/perso/fablab/zybo_globe/source/vivado/hw/ip_repo/globe_2.0' may become invalid. A better location for the repostory would be in a path adjacent to the project. (Current project location is '/home/phhorrei/perso/fablab/zybo_globe/source/vivado/hw/ip_repo/globe_2.0/globe_v2_0_v2_0_project'.)
ipx::edit_ip_in_project: Time (s): cpu = 00:00:13 ; elapsed = 00:00:06 . Memory (MB): peak = 5843.887 ; gain = 45.609 ; free physical = 6321 ; free virtual = 22368
update_compile_order -fileset sim_1
ipx::update_ip_instances -delete_project true
INFO: [IP_Flow 19-234] Refreshing IP repositories
INFO: [IP_Flow 19-1700] Loaded user IP repository '/home/phhorrei/perso/fablab/zybo_globe/source/vivado/hw/ip_repo/globe_2.0'.
INFO: [IP_Flow 19-1700] Loaded user IP repository '/home/phhorrei/perso/fablab/zybo_globe/source/vivado/hw/lib'.
WARNING: [IP_Flow 19-2207] Repository '/home/phhorrei/perso/fablab/zybo_globe/source/vivado/hw/ip_repo/globe_2.0' already exists; ignoring attempt to add it again.
INFO: [IP_Flow 19-1700] Loaded user IP repository '/home/phhorrei/perso/fablab/zybo_globe/source/vivado/hw/ip_repo/globe_2.0'.
open_bd_design {/home/phhorrei/perso/fablab/zybo_globe/source/vivado/hw/zybo_bsd/zybo_bsd.srcs/sources_1/bd/system/system.bd}
Adding component instance block -- xilinx.com:ip:axi_protocol_converter:2.1 - axi_protocol_converter_0
Adding component instance block -- xilinx.com:ip:xlconstant:1.1 - ground
Adding component instance block -- xilinx.com:ip:processing_system7:5.5 - processing_system7_0
Adding component instance block -- xilinx.com:ip:proc_sys_reset:5.0 - rst_processing_system7_0_100M
Adding component instance block -- xilinx.com:user:globe:2.0 - globe_0
Adding component instance block -- xilinx.com:ip:axi_gpio:2.0 - axi_btns
Adding component instance block -- xilinx.com:ip:axi_gpio:2.0 - axi_sws
Adding component instance block -- xilinx.com:ip:xlconcat:2.1 - xlconcat_0
Adding component instance block -- xilinx.com:ip:axi_crossbar:2.1 - xbar
Adding component instance block -- xilinx.com:ip:axi_mmu:2.1 - s00_mmu
Adding component instance block -- xilinx.com:ip:axi_register_slice:2.1 - m02_regslice
Adding component instance block -- xilinx.com:ip:axi_register_slice:2.1 - m01_regslice
Adding component instance block -- xilinx.com:ip:axi_register_slice:2.1 - m00_regslice
Adding component instance block -- xilinx.com:ip:axi_crossbar:2.1 - xbar
Adding component instance block -- xilinx.com:ip:axi_protocol_converter:2.1 - auto_pc
Successfully read diagram <system> from BD file </home/phhorrei/perso/fablab/zybo_globe/source/vivado/hw/zybo_bsd/zybo_bsd.srcs/sources_1/bd/system/system.bd>
open_bd_design: Time (s): cpu = 00:00:11 ; elapsed = 00:00:09 . Memory (MB): peak = 5871.184 ; gain = 27.297 ; free physical = 6231 ; free virtual = 22299
report_ip_status -name ip_status 
upgrade_ip -vlnv xilinx.com:user:globe:2.0 [get_ips  system_globe_0_1]
Upgrading '/home/phhorrei/perso/fablab/zybo_globe/source/vivado/hw/zybo_bsd/zybo_bsd.srcs/sources_1/bd/system/system.bd'
INFO: [IP_Flow 19-3422] Upgraded system_globe_0_1 (globe_v2.0 2.0) from revision 11 to revision 12
INFO: [IP_Flow 19-3471] Wrote upgrade log to '/home/phhorrei/perso/fablab/zybo_globe/source/vivado/hw/zybo_bsd/zybo_bsd.srcs/sources_1/bd/system/ip/system_globe_0_1/system_globe_0_1.upgrade_log'.
Wrote  : </home/phhorrei/perso/fablab/zybo_globe/source/vivado/hw/zybo_bsd/zybo_bsd.srcs/sources_1/bd/system/system.bd> 
