Command line:
   pwm_generator_tb_isim_beh.exe
     -simmode  gui
     -simrunnum  0
     -socket  1489

Fri Nov 21 11:21:14 2014


 Elaboration Time: 0.202801 sec

 Current Memory Usage: 682.25 Meg

 Total Signals          : 11
 Total Nets             : 19
 Total Signal Drivers   : 7
 Total Blocks           : 6
 Total Primitive Blocks : 5
 Total Processes        : 3
 Total Traceable Variables  : 16
 Total Scalar Nets and Variables : 403
Total Line Count : 25

 Total Simulation Time: 0.249601 sec

 Current Memory Usage: 682.25 Meg

Fri Nov 21 11:35:11 2014

