Running: C:\Xilinx\14.7\ISE_DS\ISE\bin\nt64\unwrapped\fuse.exe -intstyle ise -incremental -lib secureip -o E:/Programmation/Projet S5/Motor_controller/pwm_generator_tb_isim_beh.exe -prj E:/Programmation/Projet S5/Motor_controller/pwm_generator_tb_beh.prj work.pwm_generator_tb 
ISim P.20131013 (signature 0x7708f090)
Number of CPUs detected in this system: 8
Turning on mult-threading, number of parallel sub-compilation jobs: 16 
Determining compilation order of HDL files
Parsing VHDL file "E:/Programmation/Projet S5/Motor_controller/globe_package.vhd" into library work
Parsing VHDL file "E:/Programmation/Projet S5/Motor_controller/pwm_generator.vhd" into library work
Parsing VHDL file "E:/Programmation/Projet S5/Motor_controller/pwm_generator_tb.vhd" into library work
Starting static elaboration
Completed static elaboration
Compiling package standard
Compiling package std_logic_1164
Compiling package std_logic_arith
Compiling package globe_package
Compiling package std_logic_unsigned
Compiling architecture behavioral of entity pwm_generator [\pwm_generator(2,10)\]
Compiling architecture behavior of entity pwm_generator_tb
Time Resolution for simulation is 1ps.
Waiting for 1 sub-compilation(s) to finish...
Compiled 8 VHDL Units
Built simulation executable E:/Programmation/Projet S5/Motor_controller/pwm_generator_tb_isim_beh.exe
Fuse Memory Usage: 35252 KB
Fuse CPU Usage: 561 ms
