Release 14.7 - xst P.20131013 (nt64)
Copyright (c) 1995-2013 Xilinx, Inc.  All rights reserved.
--> Parameter TMPDIR set to xst/projnav.tmp


Total REAL time to Xst completion: 0.00 secs
Total CPU time to Xst completion: 0.14 secs
 
--> Parameter xsthdpdir set to xst


Total REAL time to Xst completion: 0.00 secs
Total CPU time to Xst completion: 0.14 secs
 
--> Reading design: pwm_generator.prj

TABLE OF CONTENTS
  1) Synthesis Options Summary
  2) HDL Parsing
  3) HDL Elaboration
  4) HDL Synthesis
       4.1) HDL Synthesis Report
  5) Advanced HDL Synthesis
       5.1) Advanced HDL Synthesis Report
  6) Low Level Synthesis
  7) Partition Report
  8) Design Summary
       8.1) Primitive and Black Box Usage
       8.2) Device utilization summary
       8.3) Partition Resource Summary
       8.4) Timing Report
            8.4.1) Clock Information
            8.4.2) Asynchronous Control Signals Information
            8.4.3) Timing Summary
            8.4.4) Timing Details
            8.4.5) Cross Clock Domains Report


=========================================================================
*                      Synthesis Options Summary                        *
=========================================================================
---- Source Parameters
Input File Name                    : "pwm_generator.prj"
Ignore Synthesis Constraint File   : NO

---- Target Parameters
Output File Name                   : "pwm_generator"
Output Format                      : NGC
Target Device                      : xc7z010-1-clg400

---- Source Options
Top Module Name                    : pwm_generator
Automatic FSM Extraction           : YES
FSM Encoding Algorithm             : Auto
Safe Implementation                : No
FSM Style                          : LUT
RAM Extraction                     : Yes
RAM Style                          : Auto
ROM Extraction                     : Yes
Shift Register Extraction          : YES
ROM Style                          : Auto
Resource Sharing                   : YES
Asynchronous To Synchronous        : NO
Shift Register Minimum Size        : 2
Use DSP Block                      : Auto
Automatic Register Balancing       : No

---- Target Options
LUT Combining                      : Auto
Reduce Control Sets                : Auto
Add IO Buffers                     : YES
Global Maximum Fanout              : 100000
Add Generic Clock Buffer(BUFG)     : 32
Register Duplication               : YES
Optimize Instantiated Primitives   : NO
Use Clock Enable                   : Auto
Use Synchronous Set                : Auto
Use Synchronous Reset              : Auto
Pack IO Registers into IOBs        : Auto
Equivalent register Removal        : YES

---- General Options
Optimization Goal                  : Speed
Optimization Effort                : 1
Power Reduction                    : NO
Keep Hierarchy                     : No
Netlist Hierarchy                  : As_Optimized
RTL Output                         : Yes
Global Optimization                : AllClockNets
Read Cores                         : YES
Write Timing Constraints           : NO
Cross Clock Analysis               : NO
Hierarchy Separator                : /
Bus Delimiter                      : <>
Case Specifier                     : Maintain
Slice Utilization Ratio            : 100
BRAM Utilization Ratio             : 100
DSP48 Utilization Ratio            : 100
Auto BRAM Packing                  : NO
Slice Utilization Ratio Delta      : 5

=========================================================================


=========================================================================
*                          HDL Parsing                                  *
=========================================================================
Parsing VHDL file "E:\Programmation\Projet S5\Motor_controller\globe_package.vhd" into library work
Parsing package <globe_package>.
Parsing VHDL file "E:\Programmation\Projet S5\Motor_controller\pwm_generator.vhd" into library work
Parsing entity <pwm_generator>.
Parsing architecture <Behavioral> of entity <pwm_generator>.

=========================================================================
*                            HDL Elaboration                            *
=========================================================================

Elaborating entity <pwm_generator> (architecture <Behavioral>) with generics from library <work>.

=========================================================================
*                           HDL Synthesis                               *
=========================================================================

Synthesizing Unit <pwm_generator>.
    Related source file is "E:\Programmation\Projet S5\Motor_controller\pwm_generator.vhd".
        SPEED_LEN = 2
    Found 2-bit register for signal <pwm_count>.
    Found 2-bit register for signal <speed_mem>.
    Found 100-bit register for signal <clk_count>.
    Found 1-bit register for signal <pwm>.
    Found 100-bit adder for signal <clk_count[99]_GND_6_o_add_0_OUT> created at line 53.
    Found 2-bit adder for signal <pwm_count[1]_GND_6_o_add_2_OUT> created at line 56.
    Found 2-bit comparator greater for signal <pwm_count[1]_speed_mem[1]_LessThan_4_o> created at line 57
    Summary:
	inferred   2 Adder/Subtractor(s).
	inferred 105 D-type flip-flop(s).
	inferred   1 Comparator(s).
Unit <pwm_generator> synthesized.

=========================================================================
HDL Synthesis Report

Macro Statistics
# Adders/Subtractors                                   : 2
 100-bit adder                                         : 1
 2-bit adder                                           : 1
# Registers                                            : 4
 1-bit register                                        : 1
 100-bit register                                      : 1
 2-bit register                                        : 2
# Comparators                                          : 1
 2-bit comparator greater                              : 1

=========================================================================

=========================================================================
*                       Advanced HDL Synthesis                          *
=========================================================================


Synthesizing (advanced) Unit <pwm_generator>.
The following registers are absorbed into counter <clk_count>: 1 register on signal <clk_count>.
The following registers are absorbed into counter <pwm_count>: 1 register on signal <pwm_count>.
Unit <pwm_generator> synthesized (advanced).

=========================================================================
Advanced HDL Synthesis Report

Macro Statistics
# Counters                                             : 2
 100-bit up counter                                    : 1
 2-bit up counter                                      : 1
# Registers                                            : 3
 Flip-Flops                                            : 3
# Comparators                                          : 1
 2-bit comparator greater                              : 1

=========================================================================

=========================================================================
*                         Low Level Synthesis                           *
=========================================================================

Optimizing unit <pwm_generator> ...

Mapping all equations...
Building and optimizing final netlist ...
Found area constraint ratio of 100 (+ 5) on block pwm_generator, actual ratio is 0.

Final Macro Processing ...

=========================================================================
Final Register Report

Macro Statistics
# Registers                                            : 105
 Flip-Flops                                            : 105

=========================================================================

=========================================================================
*                           Partition Report                            *
=========================================================================

Partition Implementation Status
-------------------------------

  No Partitions were found in this design.

-------------------------------

=========================================================================
*                            Design Summary                             *
=========================================================================

Top Level Output File Name         : pwm_generator.ngc

Primitive and Black Box Usage:
------------------------------
# BELS                             : 338
#      GND                         : 1
#      INV                         : 2
#      LUT1                        : 99
#      LUT2                        : 1
#      LUT4                        : 2
#      LUT6                        : 16
#      MUXCY                       : 116
#      VCC                         : 1
#      XORCY                       : 100
# FlipFlops/Latches                : 105
#      FDC                         : 102
#      FDCE                        : 3
# Clock Buffers                    : 1
#      BUFGP                       : 1
# IO Buffers                       : 4
#      IBUF                        : 3
#      OBUF                        : 1

Device utilization summary:
---------------------------

Selected Device : 7z010clg400-1 


Slice Logic Utilization: 
 Number of Slice Registers:             105  out of  35200     0%  
 Number of Slice LUTs:                  120  out of  17600     0%  
    Number used as Logic:               120  out of  17600     0%  

Slice Logic Distribution: 
 Number of LUT Flip Flop pairs used:    122
   Number with an unused Flip Flop:      17  out of    122    13%  
   Number with an unused LUT:             2  out of    122     1%  
   Number of fully used LUT-FF pairs:   103  out of    122    84%  
   Number of unique control sets:         2

IO Utilization: 
 Number of IOs:                           5
 Number of bonded IOBs:                   5  out of    100     5%  

Specific Feature Utilization:
 Number of BUFG/BUFGCTRLs:                1  out of     32     3%  

---------------------------
Partition Resource Summary:
---------------------------

  No Partitions were found in this design.

---------------------------


=========================================================================
Timing Report

NOTE: THESE TIMING NUMBERS ARE ONLY A SYNTHESIS ESTIMATE.
      FOR ACCURATE TIMING INFORMATION PLEASE REFER TO THE TRACE REPORT
      GENERATED AFTER PLACE-and-ROUTE.

Clock Information:
------------------
-----------------------------------+------------------------+-------+
Clock Signal                       | Clock buffer(FF name)  | Load  |
-----------------------------------+------------------------+-------+
clk                                | BUFGP                  | 105   |
-----------------------------------+------------------------+-------+

Asynchronous Control Signals Information:
----------------------------------------
No asynchronous control signals found in this design

Timing Summary:
---------------
Speed Grade: -1

   Minimum period: 2.846ns (Maximum Frequency: 351.370MHz)
   Minimum input arrival time before clock: 0.893ns
   Maximum output required time after clock: 0.681ns
   Maximum combinational path delay: No path found

Timing Details:
---------------
All values displayed in nanoseconds (ns)

=========================================================================
Timing constraint: Default period analysis for Clock 'clk'
  Clock period: 2.846ns (frequency: 351.370MHz)
  Total number of paths / destination ports: 5357 / 106
-------------------------------------------------------------------------
Delay:               2.846ns (Levels of Logic = 101)
  Source:            clk_count_0 (FF)
  Destination:       clk_count_99 (FF)
  Source Clock:      clk rising
  Destination Clock: clk rising

  Data Path: clk_count_0 to clk_count_99
                                Gate     Net
    Cell:in->out      fanout   Delay   Delay  Logical Name (Net Name)
    ----------------------------------------  ------------
     FDC:C->Q              2   0.282   0.405  clk_count_0 (clk_count_0)
     INV:I->O              1   0.067   0.000  Mcount_clk_count_lut<0>_INV_0 (Mcount_clk_count_lut<0>)
     MUXCY:S->O            1   0.291   0.000  Mcount_clk_count_cy<0> (Mcount_clk_count_cy<0>)
     MUXCY:CI->O           1   0.015   0.000  Mcount_clk_count_cy<1> (Mcount_clk_count_cy<1>)
     MUXCY:CI->O           1   0.015   0.000  Mcount_clk_count_cy<2> (Mcount_clk_count_cy<2>)
     MUXCY:CI->O           1   0.015   0.000  Mcount_clk_count_cy<3> (Mcount_clk_count_cy<3>)
     MUXCY:CI->O           1   0.015   0.000  Mcount_clk_count_cy<4> (Mcount_clk_count_cy<4>)
     MUXCY:CI->O           1   0.015   0.000  Mcount_clk_count_cy<5> (Mcount_clk_count_cy<5>)
     MUXCY:CI->O           1   0.015   0.000  Mcount_clk_count_cy<6> (Mcount_clk_count_cy<6>)
     MUXCY:CI->O           1   0.015   0.000  Mcount_clk_count_cy<7> (Mcount_clk_count_cy<7>)
     MUXCY:CI->O           1   0.015   0.000  Mcount_clk_count_cy<8> (Mcount_clk_count_cy<8>)
     MUXCY:CI->O           1   0.015   0.000  Mcount_clk_count_cy<9> (Mcount_clk_count_cy<9>)
     MUXCY:CI->O           1   0.015   0.000  Mcount_clk_count_cy<10> (Mcount_clk_count_cy<10>)
     MUXCY:CI->O           1   0.015   0.000  Mcount_clk_count_cy<11> (Mcount_clk_count_cy<11>)
     MUXCY:CI->O           1   0.015   0.000  Mcount_clk_count_cy<12> (Mcount_clk_count_cy<12>)
     MUXCY:CI->O           1   0.015   0.000  Mcount_clk_count_cy<13> (Mcount_clk_count_cy<13>)
     MUXCY:CI->O           1   0.015   0.000  Mcount_clk_count_cy<14> (Mcount_clk_count_cy<14>)
     MUXCY:CI->O           1   0.015   0.000  Mcount_clk_count_cy<15> (Mcount_clk_count_cy<15>)
     MUXCY:CI->O           1   0.015   0.000  Mcount_clk_count_cy<16> (Mcount_clk_count_cy<16>)
     MUXCY:CI->O           1   0.015   0.000  Mcount_clk_count_cy<17> (Mcount_clk_count_cy<17>)
     MUXCY:CI->O           1   0.015   0.000  Mcount_clk_count_cy<18> (Mcount_clk_count_cy<18>)
     MUXCY:CI->O           1   0.015   0.000  Mcount_clk_count_cy<19> (Mcount_clk_count_cy<19>)
     MUXCY:CI->O           1   0.015   0.000  Mcount_clk_count_cy<20> (Mcount_clk_count_cy<20>)
     MUXCY:CI->O           1   0.015   0.000  Mcount_clk_count_cy<21> (Mcount_clk_count_cy<21>)
     MUXCY:CI->O           1   0.015   0.000  Mcount_clk_count_cy<22> (Mcount_clk_count_cy<22>)
     MUXCY:CI->O           1   0.015   0.000  Mcount_clk_count_cy<23> (Mcount_clk_count_cy<23>)
     MUXCY:CI->O           1   0.015   0.000  Mcount_clk_count_cy<24> (Mcount_clk_count_cy<24>)
     MUXCY:CI->O           1   0.015   0.000  Mcount_clk_count_cy<25> (Mcount_clk_count_cy<25>)
     MUXCY:CI->O           1   0.015   0.000  Mcount_clk_count_cy<26> (Mcount_clk_count_cy<26>)
     MUXCY:CI->O           1   0.015   0.000  Mcount_clk_count_cy<27> (Mcount_clk_count_cy<27>)
     MUXCY:CI->O           1   0.015   0.000  Mcount_clk_count_cy<28> (Mcount_clk_count_cy<28>)
     MUXCY:CI->O           1   0.015   0.000  Mcount_clk_count_cy<29> (Mcount_clk_count_cy<29>)
     MUXCY:CI->O           1   0.015   0.000  Mcount_clk_count_cy<30> (Mcount_clk_count_cy<30>)
     MUXCY:CI->O           1   0.015   0.000  Mcount_clk_count_cy<31> (Mcount_clk_count_cy<31>)
     MUXCY:CI->O           1   0.015   0.000  Mcount_clk_count_cy<32> (Mcount_clk_count_cy<32>)
     MUXCY:CI->O           1   0.015   0.000  Mcount_clk_count_cy<33> (Mcount_clk_count_cy<33>)
     MUXCY:CI->O           1   0.015   0.000  Mcount_clk_count_cy<34> (Mcount_clk_count_cy<34>)
     MUXCY:CI->O           1   0.015   0.000  Mcount_clk_count_cy<35> (Mcount_clk_count_cy<35>)
     MUXCY:CI->O           1   0.015   0.000  Mcount_clk_count_cy<36> (Mcount_clk_count_cy<36>)
     MUXCY:CI->O           1   0.015   0.000  Mcount_clk_count_cy<37> (Mcount_clk_count_cy<37>)
     MUXCY:CI->O           1   0.015   0.000  Mcount_clk_count_cy<38> (Mcount_clk_count_cy<38>)
     MUXCY:CI->O           1   0.015   0.000  Mcount_clk_count_cy<39> (Mcount_clk_count_cy<39>)
     MUXCY:CI->O           1   0.015   0.000  Mcount_clk_count_cy<40> (Mcount_clk_count_cy<40>)
     MUXCY:CI->O           1   0.015   0.000  Mcount_clk_count_cy<41> (Mcount_clk_count_cy<41>)
     MUXCY:CI->O           1   0.015   0.000  Mcount_clk_count_cy<42> (Mcount_clk_count_cy<42>)
     MUXCY:CI->O           1   0.015   0.000  Mcount_clk_count_cy<43> (Mcount_clk_count_cy<43>)
     MUXCY:CI->O           1   0.015   0.000  Mcount_clk_count_cy<44> (Mcount_clk_count_cy<44>)
     MUXCY:CI->O           1   0.015   0.000  Mcount_clk_count_cy<45> (Mcount_clk_count_cy<45>)
     MUXCY:CI->O           1   0.015   0.000  Mcount_clk_count_cy<46> (Mcount_clk_count_cy<46>)
     MUXCY:CI->O           1   0.015   0.000  Mcount_clk_count_cy<47> (Mcount_clk_count_cy<47>)
     MUXCY:CI->O           1   0.015   0.000  Mcount_clk_count_cy<48> (Mcount_clk_count_cy<48>)
     MUXCY:CI->O           1   0.015   0.000  Mcount_clk_count_cy<49> (Mcount_clk_count_cy<49>)
     MUXCY:CI->O           1   0.015   0.000  Mcount_clk_count_cy<50> (Mcount_clk_count_cy<50>)
     MUXCY:CI->O           1   0.015   0.000  Mcount_clk_count_cy<51> (Mcount_clk_count_cy<51>)
     MUXCY:CI->O           1   0.015   0.000  Mcount_clk_count_cy<52> (Mcount_clk_count_cy<52>)
     MUXCY:CI->O           1   0.015   0.000  Mcount_clk_count_cy<53> (Mcount_clk_count_cy<53>)
     MUXCY:CI->O           1   0.015   0.000  Mcount_clk_count_cy<54> (Mcount_clk_count_cy<54>)
     MUXCY:CI->O           1   0.015   0.000  Mcount_clk_count_cy<55> (Mcount_clk_count_cy<55>)
     MUXCY:CI->O           1   0.015   0.000  Mcount_clk_count_cy<56> (Mcount_clk_count_cy<56>)
     MUXCY:CI->O           1   0.015   0.000  Mcount_clk_count_cy<57> (Mcount_clk_count_cy<57>)
     MUXCY:CI->O           1   0.015   0.000  Mcount_clk_count_cy<58> (Mcount_clk_count_cy<58>)
     MUXCY:CI->O           1   0.015   0.000  Mcount_clk_count_cy<59> (Mcount_clk_count_cy<59>)
     MUXCY:CI->O           1   0.015   0.000  Mcount_clk_count_cy<60> (Mcount_clk_count_cy<60>)
     MUXCY:CI->O           1   0.015   0.000  Mcount_clk_count_cy<61> (Mcount_clk_count_cy<61>)
     MUXCY:CI->O           1   0.015   0.000  Mcount_clk_count_cy<62> (Mcount_clk_count_cy<62>)
     MUXCY:CI->O           1   0.015   0.000  Mcount_clk_count_cy<63> (Mcount_clk_count_cy<63>)
     MUXCY:CI->O           1   0.015   0.000  Mcount_clk_count_cy<64> (Mcount_clk_count_cy<64>)
     MUXCY:CI->O           1   0.015   0.000  Mcount_clk_count_cy<65> (Mcount_clk_count_cy<65>)
     MUXCY:CI->O           1   0.015   0.000  Mcount_clk_count_cy<66> (Mcount_clk_count_cy<66>)
     MUXCY:CI->O           1   0.015   0.000  Mcount_clk_count_cy<67> (Mcount_clk_count_cy<67>)
     MUXCY:CI->O           1   0.015   0.000  Mcount_clk_count_cy<68> (Mcount_clk_count_cy<68>)
     MUXCY:CI->O           1   0.015   0.000  Mcount_clk_count_cy<69> (Mcount_clk_count_cy<69>)
     MUXCY:CI->O           1   0.015   0.000  Mcount_clk_count_cy<70> (Mcount_clk_count_cy<70>)
     MUXCY:CI->O           1   0.015   0.000  Mcount_clk_count_cy<71> (Mcount_clk_count_cy<71>)
     MUXCY:CI->O           1   0.015   0.000  Mcount_clk_count_cy<72> (Mcount_clk_count_cy<72>)
     MUXCY:CI->O           1   0.015   0.000  Mcount_clk_count_cy<73> (Mcount_clk_count_cy<73>)
     MUXCY:CI->O           1   0.015   0.000  Mcount_clk_count_cy<74> (Mcount_clk_count_cy<74>)
     MUXCY:CI->O           1   0.015   0.000  Mcount_clk_count_cy<75> (Mcount_clk_count_cy<75>)
     MUXCY:CI->O           1   0.015   0.000  Mcount_clk_count_cy<76> (Mcount_clk_count_cy<76>)
     MUXCY:CI->O           1   0.015   0.000  Mcount_clk_count_cy<77> (Mcount_clk_count_cy<77>)
     MUXCY:CI->O           1   0.015   0.000  Mcount_clk_count_cy<78> (Mcount_clk_count_cy<78>)
     MUXCY:CI->O           1   0.015   0.000  Mcount_clk_count_cy<79> (Mcount_clk_count_cy<79>)
     MUXCY:CI->O           1   0.015   0.000  Mcount_clk_count_cy<80> (Mcount_clk_count_cy<80>)
     MUXCY:CI->O           1   0.015   0.000  Mcount_clk_count_cy<81> (Mcount_clk_count_cy<81>)
     MUXCY:CI->O           1   0.015   0.000  Mcount_clk_count_cy<82> (Mcount_clk_count_cy<82>)
     MUXCY:CI->O           1   0.015   0.000  Mcount_clk_count_cy<83> (Mcount_clk_count_cy<83>)
     MUXCY:CI->O           1   0.015   0.000  Mcount_clk_count_cy<84> (Mcount_clk_count_cy<84>)
     MUXCY:CI->O           1   0.015   0.000  Mcount_clk_count_cy<85> (Mcount_clk_count_cy<85>)
     MUXCY:CI->O           1   0.015   0.000  Mcount_clk_count_cy<86> (Mcount_clk_count_cy<86>)
     MUXCY:CI->O           1   0.015   0.000  Mcount_clk_count_cy<87> (Mcount_clk_count_cy<87>)
     MUXCY:CI->O           1   0.015   0.000  Mcount_clk_count_cy<88> (Mcount_clk_count_cy<88>)
     MUXCY:CI->O           1   0.015   0.000  Mcount_clk_count_cy<89> (Mcount_clk_count_cy<89>)
     MUXCY:CI->O           1   0.015   0.000  Mcount_clk_count_cy<90> (Mcount_clk_count_cy<90>)
     MUXCY:CI->O           1   0.015   0.000  Mcount_clk_count_cy<91> (Mcount_clk_count_cy<91>)
     MUXCY:CI->O           1   0.015   0.000  Mcount_clk_count_cy<92> (Mcount_clk_count_cy<92>)
     MUXCY:CI->O           1   0.015   0.000  Mcount_clk_count_cy<93> (Mcount_clk_count_cy<93>)
     MUXCY:CI->O           1   0.015   0.000  Mcount_clk_count_cy<94> (Mcount_clk_count_cy<94>)
     MUXCY:CI->O           1   0.015   0.000  Mcount_clk_count_cy<95> (Mcount_clk_count_cy<95>)
     MUXCY:CI->O           1   0.015   0.000  Mcount_clk_count_cy<96> (Mcount_clk_count_cy<96>)
     MUXCY:CI->O           1   0.015   0.000  Mcount_clk_count_cy<97> (Mcount_clk_count_cy<97>)
     MUXCY:CI->O           0   0.015   0.000  Mcount_clk_count_cy<98> (Mcount_clk_count_cy<98>)
     XORCY:CI->O           1   0.320   0.000  Mcount_clk_count_xor<99> (Result<99>)
     FDC:D                     0.011          clk_count_99
    ----------------------------------------
    Total                      2.846ns (2.441ns logic, 0.405ns route)
                                       (85.8% logic, 14.2% route)

=========================================================================
Timing constraint: Default OFFSET IN BEFORE for Clock 'clk'
  Total number of paths / destination ports: 107 / 107
-------------------------------------------------------------------------
Offset:              0.893ns (Levels of Logic = 1)
  Source:            raz (PAD)
  Destination:       speed_mem_0 (FF)
  Destination Clock: clk rising

  Data Path: raz to speed_mem_0
                                Gate     Net
    Cell:in->out      fanout   Delay   Delay  Logical Name (Net Name)
    ----------------------------------------  ------------
     IBUF:I->O           105   0.000   0.568  raz_IBUF (raz_IBUF)
     FDC:CLR                   0.325          speed_mem_0
    ----------------------------------------
    Total                      0.893ns (0.325ns logic, 0.568ns route)
                                       (36.4% logic, 63.6% route)

=========================================================================
Timing constraint: Default OFFSET OUT AFTER for Clock 'clk'
  Total number of paths / destination ports: 1 / 1
-------------------------------------------------------------------------
Offset:              0.681ns (Levels of Logic = 1)
  Source:            pwm (FF)
  Destination:       pwm (PAD)
  Source Clock:      clk rising

  Data Path: pwm to pwm
                                Gate     Net
    Cell:in->out      fanout   Delay   Delay  Logical Name (Net Name)
    ----------------------------------------  ------------
     FDCE:C->Q             1   0.282   0.399  pwm (pwm_OBUF)
     OBUF:I->O                 0.000          pwm_OBUF (pwm)
    ----------------------------------------
    Total                      0.681ns (0.282ns logic, 0.399ns route)
                                       (41.4% logic, 58.6% route)

=========================================================================

Cross Clock Domains Report:
--------------------------

Clock to Setup on destination clock clk
---------------+---------+---------+---------+---------+
               | Src:Rise| Src:Fall| Src:Rise| Src:Fall|
Source Clock   |Dest:Rise|Dest:Rise|Dest:Fall|Dest:Fall|
---------------+---------+---------+---------+---------+
clk            |    2.846|         |         |         |
---------------+---------+---------+---------+---------+

=========================================================================


Total REAL time to Xst completion: 9.00 secs
Total CPU time to Xst completion: 9.36 secs
 
--> 

Total memory usage is 461952 kilobytes

Number of errors   :    0 (   0 filtered)
Number of warnings :    0 (   0 filtered)
Number of infos    :    0 (   0 filtered)

